------- FILE cleanmem.asm LEVEL 1 PASS 1
      1  0000					      processor	6502
      2  0000 ????
      3  0000 ????				      seg	code
      4  f000					      org	$f000	; define the code origin at $f000
      5  f000
      6  f000				   start
      7  f000		       78		      sei		; disable interupts
      8  f001		       d8		      cld		; disable the BCD math mode
      9  f002		       a2 ff		      ldx	#$ff	;
     10  f004		       9a		      txs		; transfer x register to (S)tack pointer
     11  f005
     12  f005							;====================================================================
     13  f005							; Clear the Page Zero Region ($00 - $ff)
     14  f005							; Clear RAM and TIA registers
     15  f005							;====================================================================
     16  f005
     17  f005		       a9 00		      lda	#0
     18  f007		       a2 00		      ldx	#$0
     19  f009
     20  f009				   loop
     21  f009		       ca		      dex
     22  f00a		       95 00		      sta	$0,x	; store the value of A inside memadr $0 + x
     23  f00c		       d0 fb		      bne	loop	; loop until x is equal to zero (z-flag i set)
     24  f00e
     25  f00e							;====================================================================
     26  f00e							; Fill the ROM size to exactly 4kb
     27  f00e							;====================================================================
     28  fffc					      org	$fffc
     29  fffc		       00 f0		      .word.w	start	; Reset vector at $fffc (where the programs start)
     30  fffe		       00 f0		      .word.w	start	; Interrupt vector $fffe (unused in the VCS)
     31  10000
     32  10000
     33  10000
     34  10000
