------- FILE exercise_01.asm LEVEL 1 PASS 1
      1  0000					      processor	6502
      2  0000 ????
      3  0000 ????				      seg	code
      4  f000					      org	$f000	; define the code origin at $f000
      5  f000
      6  f000				   start
      7  f000		       78		      sei		; disable interupts
      8  f001		       d8		      cld		; disable the BCD math mode
      9  f002		       a2 ff		      ldx	#$ff	;
     10  f004		       9a		      txs		; transfer x register to (S)tack pointer
     11  f005
     12  f005		       a9 82		      lda	#$82
     13  f007		       a2 52		      ldx	#82
     14  f009		       a4 82		      ldy	$82
     15  f00b
     16  f00b		       4c 00 f0 	      jmp	start
     17  f00e
     18  f00e							;====================================================================
     19  f00e							; Fill the ROM size to exactly 4kb
     20  f00e							;====================================================================
     21  fffc					      org	$fffc
     22  fffc		       00 f0		      .word.w	start	; Reset vector at $fffc (where the programs start)
     23  fffe		       00 f0		      .word.w	start	; Interrupt vector $fffe (unused in the VCS)
     24  10000
     25  10000
     26  10000
     27  10000
