------- FILE exercise_02.asm LEVEL 1 PASS 1
      1  0000					      processor	6502
      2  0000 ????
      3  0000 ????				      seg	code
      4  f000					      org	$f000	; define the code origin at $f000
      5  f000
      6  f000				   start
      7  f000		       78		      sei		; disable interupts
      8  f001		       d8		      cld		; disable the BCD math mode
      9  f002		       a2 ff		      ldx	#$ff	;
     10  f004		       9a		      txs		; transfer x register to (S)tack pointer
     11  f005
     12  f005		       a9 0a		      lda	#$0a
     13  f007		       a2 ff		      ldx	#%11111111
     14  f009		       85 80		      sta	$80
     15  f00b		       86 81		      stx	$81
     16  f00d
     17  f00d		       4c 00 f0 	      jmp	start
     18  f010
     19  f010							;====================================================================
     20  f010							; Fill the ROM size to exactly 4kb
     21  f010							;====================================================================
     22  fffc					      org	$fffc
     23  fffc		       00 f0		      .word.w	start	; Reset vector at $fffc (where the programs start)
     24  fffe		       00 f0		      .word.w	start	; Interrupt vector $fffe (unused in the VCS)
