------- FILE exercise_03.asm LEVEL 1 PASS 1
      1  0000					      processor	6502
      2  0000 ????
      3  0000 ????				      seg	code
      4  f000					      org	$f000	; define the code origin at $f000
      5  f000
      6  f000				   start
      7  f000		       78		      sei		; disable interupts
      8  f001		       d8		      cld		; disable the BCD math mode
      9  f002		       a2 ff		      ldx	#$ff	;
     10  f004		       9a		      txs		; transfer x register to (S)tack pointer
     11  f005
     12  f005		       a9 0f		      lda	#15
     13  f007		       aa		      tax
     14  f008		       a8		      tay
     15  f009		       8a		      txa
     16  f00a		       98		      tya
     17  f00b		       a2 06		      ldx	#6
     18  f00d		       8a		      txa
     19  f00e		       a8		      tay
     20  f00f
     21  f00f		       4c 00 f0 	      jmp	start
     22  f012							;====================================================================
     23  f012							; Fill the ROM size to exactly 4kb
     24  f012							;====================================================================
     25  fffc					      org	$fffc
     26  fffc		       00 f0		      .word.w	start	; Reset vector at $fffc (where the programs start)
     27  fffe		       00 f0		      .word.w	start	; Interrupt vector $fffe (unused in the VCS)
