------- FILE exercise_04.asm LEVEL 1 PASS 1
      1  0000					      processor	6502
      2  0000 ????
      3  0000 ????				      seg	code
      4  f000					      org	$f000	; define the code origin at $f000
      5  f000
      6  f000				   start
      7  f000		       78		      sei		; disable interupts
      8  f001		       d8		      cld		; disable the BCD math mode
      9  f002		       a2 ff		      ldx	#$ff	;
     10  f004		       9a		      txs		; transfer x register to (S)tack pointer
     11  f005
     12  f005							;====================================================================
     13  f005							; Code
     14  f005							;====================================================================
     15  f005
     16  f005		       a9 64		      lda	#100
     17  f007		       18		      clc
     18  f008		       69 05		      adc	#5
     19  f00a		       38		      sec
     20  f00b		       e9 0a		      sbc	#10
     21  f00d
     22  f00d		       4c 00 f0 	      jmp	start
     23  f010							;====================================================================
     24  f010							; Fill the ROM size to exactly 4kb
     25  f010							;====================================================================
     26  fffc					      org	$fffc
     27  fffc		       00 f0		      .word.w	start	; Reset vector at $fffc (where the programs start)
     28  fffe		       00 f0		      .word.w	start	; Interrupt vector $fffe (unused in the VCS)
