------- FILE exercise_05.asm LEVEL 1 PASS 1
      1  0000					      processor	6502
      2  0000 ????
      3  0000 ????				      seg	code
      4  f000					      org	$f000	; define the code origin at $f000
      5  f000
      6  f000				   start
      7  f000		       78		      sei		; disable interupts
      8  f001		       d8		      cld		; disable the BCD math mode
      9  f002		       a2 ff		      ldx	#$ff	;
     10  f004		       9a		      txs		; transfer x register to (S)tack pointer
     11  f005
     12  f005							;====================================================================
     13  f005							; Code
     14  f005							;====================================================================
     15  f005		       a9 0a		      lda	#$a
     16  f007		       a2 0a		      ldx	#%00001010
     17  f009
     18  f009		       85 80		      sta	$80
     19  f00b		       86 81		      stx	$81
     20  f00d
     21  f00d		       a9 0a		      lda	#10
     22  f00f		       65 80		      adc	$80
     23  f011		       65 81		      adc	$81
     24  f013		       85 82		      sta	$82
     25  f015
     26  f015		       4c 00 f0 	      jmp	start
     27  f018
     28  f018							;====================================================================
     29  f018							; Fill the ROM size to exactly 4kb
     30  f018							;====================================================================
     31  fffc					      org	$fffc
     32  fffc		       00 f0		      .word.w	start	; Reset vector at $fffc (where the programs start)
     33  fffe		       00 f0		      .word.w	start	; Interrupt vector $fffe (unused in the VCS)
