------- FILE exercise_06.asm LEVEL 1 PASS 1
      1  0000					      processor	6502
      2  0000 ????
      3  0000 ????				      seg	code
      4  f000					      org	$f000	; define the code origin at $f000
      5  f000
      6  f000				   start
      7  f000		       78		      sei		; disable interupts
      8  f001		       d8		      cld		; disable the BCD math mode
      9  f002		       a2 ff		      ldx	#$ff	;
     10  f004		       9a		      txs		; transfer x register to (S)tack pointer
     11  f005
     12  f005							;====================================================================
     13  f005							; Code
     14  f005							;====================================================================
     15  f005		       a9 01		      lda	#1
     16  f007		       a2 02		      ldx	#2
     17  f009		       a0 03		      ldy	#3
     18  f00b
     19  f00b		       e8		      inx
     20  f00c		       c8		      iny
     21  f00d		       18		      clc
     22  f00e		       69 01		      adc	#1
     23  f010
     24  f010		       ca		      dex
     25  f011		       88		      dey
     26  f012		       38		      sec
     27  f013		       e9 01		      sbc	#1
     28  f015
     29  f015		       4c 00 f0 	      jmp	start
     30  f018
     31  f018							;====================================================================
     32  f018							; Fill the ROM size to exactly 4kb
     33  f018							;====================================================================
     34  fffc					      org	$fffc
     35  fffc		       00 f0		      .word.w	start	; Reset vector at $fffc (where the programs start)
     36  fffe		       00 f0		      .word.w	start	; Interrupt vector $fffe (unused in the VCS)
